iMPACT Version: 14.7

iMPACT log file Started on Sun Nov 13 19:12:09 2022

Welcome to iMPACT
iMPACT Version: 14.7
Project: '/home/takuya/Desktop/MZ/MZGVRAM//auto_project.ipf' already exists.
Original project has been renamed to'/home/takuya/Desktop/MZ/MZGVRAM//auto_project_1.ipf'.
Project: /home/takuya/Desktop/MZ/MZGVRAM//auto_project.ipf created.
// *** BATCH CMD : setMode -bs
GUI --- Auto connect to cable...
// *** BATCH CMD : setCable -port auto
AutoDetecting cable. Please wait.
*** WARNING ***: When port is set to auto detect mode, cable speed is set todefault 6 MHz regardless of explicit arguments supplied for setting the baudrates
PROGRESS_START - Starting Operation.
If you are using the Platform Cable USB, please refer to the USB CableInstallation Guide (UG344) to install the libusb package.
 Using windrvr6 driver.
Connecting to cable (Usb Port - USB21).
Checking cable driver.
File version of /opt/Xilinx/14.7/ISE_DS/ISE/bin/lin64/xusbdfwu.hex = 1030.
File version of /etc/hotplug/usb/xusbdfwu.fw/xusbdfwu.hex = 1030.
 libusb-driver.so version: 2011-12-13 00:47:45.
 Cable PID = 0008.
 Max current requested during enumeration is 300 mA.
Type = 0x0005.
write (count, cmdBuffer, dataBuffer) failed FFFFFFFFFFFFFFE0.
 Cable Type = 3, Revision = 0.
 Setting cable speed to 6 MHz.
Cable connection established.
Firmware version = 2300.
File version of /opt/Xilinx/14.7/ISE_DS/ISE/data/xusb_xp2.hex = 2401.
Firmware hex file version = 2401.
Downloading /opt/Xilinx/14.7/ISE_DS/ISE/data/xusb_xp2.hex.
Downloaded firmware version = 2401.
PLD file version = 200Dh.
 PLD version = 200Dh.
PROGRESS_END - End Operation.
Elapsed time =      1 sec.
Type = 0x0005.
ESN option: 13724327082D01.
Attempting to identify devices in the boundary-scan chain configuration...
INFO:iMPACT - Current time: 13 Nov 2022 19:12:13
// *** BATCH CMD : Identify -inferir 
PROGRESS_START - Starting Operation.
Identifying chain contents...'0': : Manufacturer's ID = Xilinx xc95144xl, Version : 5
INFO:iMPACT:1777 - 
   Reading /opt/Xilinx/14.7/ISE_DS/ISE/xc9500xl/data/xc95144xl.bsd...
INFO:iMPACT:501 - '1': Added Device xc95144xl successfully.
----------------------------------------------------------------------
done.
PROGRESS_END - End Operation.
Elapsed time =      0 sec.
// *** BATCH CMD : identifyMPM 
// *** BATCH CMD : assignFile -p 1 -file"/home/takuya/Desktop/MZ/MZGVRAM/MZGVRAM.jed"
'1': Loading file '/home/takuya/Desktop/MZ/MZGVRAM/MZGVRAM.jed' ...
done.
INFO:iMPACT:501 - '1': Added Device xc95144xl successfully.
----------------------------------------------------------------------
INFO:iMPACT - Current time: 13 Nov 2022 19:12:21
// *** BATCH CMD : Program -p 1 -e -v 
Maximum TCK operating frequency for this device chain: 10000000.
Validating chain...
Boundary-scan chain validated successfully.
'1': Erasing device...
PROGRESS_START - Starting Operation.
'1': Erasure completed successfully.
'1': Programming device...
done.
'1': Putting device in ISP mode...done.
'1': Putting device in ISP mode...done.
'1': Verifying device...done.
'1': Verification completed successfully.
'1': Putting device in ISP mode...done.
'1': Programming completed successfully.
PROGRESS_END - End Operation.
Elapsed time =      4 sec.
INFO:iMPACT - Current time: 13 Nov 2022 19:29:37
Updating config file /home/takuya/Desktop/MZ/MZGVRAM/MZGVRAM.jed...
// *** BATCH CMD : Program -p 1 -e -v 
Maximum TCK operating frequency for this device chain: 10000000.
Validating chain...
Boundary-scan chain validated successfully.
'1': Erasing device...
PROGRESS_START - Starting Operation.
'1': Erasure completed successfully.
'1': Programming device...
done.
'1': Putting device in ISP mode...done.
'1': Putting device in ISP mode...done.
'1': Verifying device...done.
'1': Verification completed successfully.
'1': Putting device in ISP mode...done.
'1': Programming completed successfully.
PROGRESS_END - End Operation.
Elapsed time =      4 sec.
INFO:iMPACT - Current time: 13 Nov 2022 20:03:48
Updating config file /home/takuya/Desktop/MZ/MZGVRAM/MZGVRAM.jed...
// *** BATCH CMD : Program -p 1 -e -v 
Maximum TCK operating frequency for this device chain: 10000000.
Validating chain...
Boundary-scan chain validated successfully.
'1': Erasing device...
PROGRESS_START - Starting Operation.
'1': Erasure completed successfully.
'1': Programming device...
done.
'1': Putting device in ISP mode...done.
'1': Putting device in ISP mode...done.
'1': Verifying device...done.
'1': Verification completed successfully.
'1': Putting device in ISP mode...done.
'1': Programming completed successfully.
PROGRESS_END - End Operation.
Elapsed time =      5 sec.
INFO:iMPACT - Current time: 13 Nov 2022 20:33:21
Updating config file /home/takuya/Desktop/MZ/MZGVRAM/MZGVRAM.jed...
// *** BATCH CMD : Program -p 1 -e -v 
Maximum TCK operating frequency for this device chain: 10000000.
Validating chain...
Boundary-scan chain validated successfully.
'1': Erasing device...
PROGRESS_START - Starting Operation.
'1': Erasure completed successfully.
'1': Programming device...
done.
'1': Putting device in ISP mode...done.
'1': Putting device in ISP mode...done.
'1': Verifying device...done.
'1': Verification completed successfully.
'1': Putting device in ISP mode...done.
'1': Programming completed successfully.
PROGRESS_END - End Operation.
Elapsed time =      5 sec.
INFO:iMPACT - Current time: 13 Nov 2022 20:40:45
Updating config file /home/takuya/Desktop/MZ/MZGVRAM/MZGVRAM.jed...
// *** BATCH CMD : Program -p 1 -e -v 
Maximum TCK operating frequency for this device chain: 10000000.
Validating chain...
Boundary-scan chain validated successfully.
'1': Erasing device...
PROGRESS_START - Starting Operation.
'1': Erasure completed successfully.
'1': Programming device...
done.
'1': Putting device in ISP mode...done.
'1': Putting device in ISP mode...done.
'1': Verifying device...done.
'1': Verification completed successfully.
'1': Putting device in ISP mode...done.
'1': Programming completed successfully.
PROGRESS_END - End Operation.
Elapsed time =      5 sec.
Project: '/home/takuya/Desktop/MZ/MZGVRAM//auto_project.ipf' created.
// *** BATCH CMD : setMode -bs
// *** BATCH CMD : setMode -ss
// *** BATCH CMD : setMode -sm
// *** BATCH CMD : setMode -hw140
// *** BATCH CMD : setMode -spi
// *** BATCH CMD : setMode -acecf
// *** BATCH CMD : setMode -acempm
// *** BATCH CMD : setMode -pff
// *** BATCH CMD : setMode -bs
// *** BATCH CMD : saveProjectFile -file"/home/takuya/Desktop/MZ/MZGVRAM//auto_project.ipf"
INFO:iMPACT - User_EnvOsname: 'Gentoo'
INFO:iMPACT - User_EnvOsrelease: 'Gentoo Linux'
// *** BATCH CMD : setMode -bs
INFO:iMPACT - Launching WebTalk, please refer to the webtalk log at   /home/takuya/Desktop/MZ/MZGVRAM/webtalk.log for details.
INFO:iMPACT - Running wbtc successfully.
// *** BATCH CMD : setMode -bs
// *** BATCH CMD : deleteDevice -position 1
// *** BATCH CMD : setMode -bs
// *** BATCH CMD : setMode -ss
// *** BATCH CMD : setMode -sm
// *** BATCH CMD : setMode -hw140
// *** BATCH CMD : setMode -spi
// *** BATCH CMD : setMode -acecf
// *** BATCH CMD : setMode -acempm
// *** BATCH CMD : setMode -pff
