Release 14.7 - xst P.20131013 (lin64)
Copyright (c) 1995-2013 Xilinx, Inc.  All rights reserved.
--> 
Parameter TMPDIR set to xst/projnav.tmp


Total REAL time to Xst completion: 0.00 secs
Total CPU time to Xst completion: 0.12 secs
 
--> 
Parameter xsthdpdir set to xst


Total REAL time to Xst completion: 0.00 secs
Total CPU time to Xst completion: 0.12 secs
 
--> 
Reading design: MZGVRAM.prj

TABLE OF CONTENTS
  1) Synthesis Options Summary
  2) HDL Compilation
  3) Design Hierarchy Analysis
  4) HDL Analysis
  5) HDL Synthesis
     5.1) HDL Synthesis Report
  6) Advanced HDL Synthesis
     6.1) Advanced HDL Synthesis Report
  7) Low Level Synthesis
  8) Partition Report
  9) Final Report

=========================================================================
*                      Synthesis Options Summary                        *
=========================================================================
---- Source Parameters
Input File Name                    : "MZGVRAM.prj"
Input Format                       : mixed
Ignore Synthesis Constraint File   : NO

---- Target Parameters
Output File Name                   : "MZGVRAM"
Output Format                      : NGC
Target Device                      : XC9500XL CPLDs

---- Source Options
Top Module Name                    : MZGVRAM
Automatic FSM Extraction           : YES
FSM Encoding Algorithm             : Auto
Safe Implementation                : No
Mux Extraction                     : Yes
Resource Sharing                   : YES

---- Target Options
Add IO Buffers                     : YES
MACRO Preserve                     : YES
XOR Preserve                       : YES
Equivalent register Removal        : YES

---- General Options
Optimization Goal                  : Speed
Optimization Effort                : 1
Keep Hierarchy                     : Yes
Netlist Hierarchy                  : As_Optimized
RTL Output                         : Yes
Hierarchy Separator                : /
Bus Delimiter                      : <>
Case Specifier                     : Maintain
Verilog 2001                       : YES

---- Other Options
Clock Enable                       : YES
wysiwyg                            : NO

=========================================================================


=========================================================================
*                          HDL Compilation                              *
=========================================================================
Compiling verilog file "source/MZGVRAM.v" in library work
Compiling verilog include file "source/GDOUT.v"
Compiling verilog include file "source/GDLATCHAD.v"
Module <gdout> compiled
Compiling verilog include file "source/GDLATCH.v"
Module <gdlatchad> compiled
Compiling verilog include file "source/MKCNT.v"
Module <gdlatch> compiled
Module <mkcnt> compiled
Module <MZGVRAM> compiled
No errors in compilation
Analysis of file <"MZGVRAM.prj"> succeeded.
 

=========================================================================
*                     Design Hierarchy Analysis                         *
=========================================================================
Analyzing hierarchy for module <MZGVRAM> in library <work> with parameters.
	F4 = "00"
	F5 = "01"
	F6 = "10"
	F7 = "11"

Analyzing hierarchy for module <mkcnt> in library <work>.

Analyzing hierarchy for module <gdlatchad> in library <work>.

Analyzing hierarchy for module <gdlatch> in library <work>.

Analyzing hierarchy for module <gdout> in library <work>.


=========================================================================
*                            HDL Analysis                               *
=========================================================================
Analyzing top module <MZGVRAM>.
	F4 = 2'b00
	F5 = 2'b01
	F6 = 2'b10
	F7 = 2'b11
Module <MZGVRAM> is correct for synthesis.
 
Analyzing module <mkcnt> in library <work>.
Module <mkcnt> is correct for synthesis.
 
Analyzing module <gdlatchad> in library <work>.
Module <gdlatchad> is correct for synthesis.
 
Analyzing module <gdlatch> in library <work>.
Module <gdlatch> is correct for synthesis.
 
Analyzing module <gdout> in library <work>.
Module <gdout> is correct for synthesis.
 

=========================================================================
*                           HDL Synthesis                               *
=========================================================================

Performing bidirectional port resolution...

Synthesizing Unit <mkcnt>.
    Related source file is "source/MKCNT.v".
    Found 3-bit up counter for signal <CNT>.
    Summary:
	inferred   1 Counter(s).
Unit <mkcnt> synthesized.


Synthesizing Unit <gdlatchad>.
    Related source file is "source/GDLATCHAD.v".
    Found 14-bit register for signal <OUTAD>.
    Found 10-bit register for signal <LIMITAD>.
    Found 10-bit adder for signal <LIMITAD$addsub0000> created at line 55.
    Found 14-bit adder for signal <OUTAD$addsub0000> created at line 42.
    Found 14-bit comparator less for signal <OUTAD$cmp_lt0000> created at line 36.
    Summary:
	inferred   2 Adder/Subtractor(s).
	inferred   1 Comparator(s).
Unit <gdlatchad> synthesized.


Synthesizing Unit <gdlatch>.
    Related source file is "source/GDLATCH.v".
    Found 8-bit register for signal <ROD>.
    Found 8-bit register for signal <GOD>.
    Found 8-bit register for signal <BOD>.
Unit <gdlatch> synthesized.


Synthesizing Unit <gdout>.
    Related source file is "source/GDOUT.v".
    Found 8-bit register for signal <outdata>.
Unit <gdout> synthesized.


Synthesizing Unit <MZGVRAM>.
    Related source file is "source/MZGVRAM.v".
WARNING:Xst:646 - Signal <f7<3:2>> is assigned but never used. This unconnected signal will be trimmed during the optimization process.
WARNING:Xst:646 - Signal <f4<3>> is assigned but never used. This unconnected signal will be trimmed during the optimization process.
    Found 2-bit tristate buffer for signal <SBANKAD>.
    Found 14-bit tristate buffer for signal <SRAD>.
    Found 3-bit register for signal <csedcnt>.
    Found 3-bit adder for signal <csedcnt$addsub0000> created at line 224.
    Found 4-bit register for signal <f4>.
    Found 4-bit register for signal <f5>.
    Found 4-bit register for signal <f6>.
    Found 4-bit register for signal <f7>.
    Found 3-bit register for signal <iocnt>.
    Found 3-bit adder for signal <iocnt$addsub0000> created at line 246.
    Found 1-bit xor2 for signal <nBUFOE$xor0000> created at line 97.
    Found 1-bit register for signal <rCSED>.
    Found 1-bit register for signal <rstchk>.
    Summary:
	inferred   2 D-type flip-flop(s).
	inferred   2 Adder/Subtractor(s).
	inferred   1 Xor(s).
	inferred  16 Tristate(s).
Unit <MZGVRAM> synthesized.


=========================================================================
HDL Synthesis Report

Macro Statistics
# Adders/Subtractors                                   : 4
 10-bit adder                                          : 1
 14-bit adder                                          : 1
 3-bit adder                                           : 2
# Counters                                             : 1
 3-bit up counter                                      : 1
# Registers                                            : 16
 1-bit register                                        : 2
 10-bit register                                       : 1
 14-bit register                                       : 1
 3-bit register                                        : 2
 4-bit register                                        : 4
 8-bit register                                        : 6
# Comparators                                          : 1
 14-bit comparator less                                : 1
# Tristates                                            : 2
 14-bit tristate buffer                                : 1
 2-bit tristate buffer                                 : 1
# Xors                                                 : 1
 1-bit xor2                                            : 1

=========================================================================

=========================================================================
*                       Advanced HDL Synthesis                          *
=========================================================================


=========================================================================
Advanced HDL Synthesis Report

Macro Statistics
# Adders/Subtractors                                   : 4
 10-bit adder                                          : 1
 14-bit adder                                          : 1
 3-bit adder                                           : 2
# Counters                                             : 1
 3-bit up counter                                      : 1
# Registers                                            : 2
 Flip-Flops                                            : 2

=========================================================================

=========================================================================
*                         Low Level Synthesis                           *
=========================================================================
WARNING:Xst:2677 - Node <f4_3> of sequential type is unconnected in block <MZGVRAM>.
WARNING:Xst:2677 - Node <f7_3> of sequential type is unconnected in block <MZGVRAM>.
WARNING:Xst:2677 - Node <f7_2> of sequential type is unconnected in block <MZGVRAM>.

Optimizing unit <MZGVRAM> ...

Optimizing unit <gdlatchad> ...

Optimizing unit <gdlatch> ...

Optimizing unit <gdout> ...

Optimizing unit <mkcnt> ...

=========================================================================
*                           Partition Report                            *
=========================================================================

Partition Implementation Status
-------------------------------

  No Partitions were found in this design.

-------------------------------

=========================================================================
*                            Final Report                               *
=========================================================================
Final Results
RTL Top Level Output File Name     : MZGVRAM.ngr
Top Level Output File Name         : MZGVRAM
Output Format                      : NGC
Optimization Goal                  : Speed
Keep Hierarchy                     : Yes
Target Technology                  : XC9500XL CPLDs
Macro Preserve                     : YES
XOR Preserve                       : YES
Clock Enable                       : YES
wysiwyg                            : NO

Design Statistics
# IOs                              : 54

Cell Usage :
# BELS                             : 473
#      AND2                        : 206
#      AND3                        : 15
#      AND4                        : 7
#      AND8                        : 1
#      GND                         : 1
#      INV                         : 144
#      OR2                         : 65
#      OR3                         : 2
#      OR4                         : 1
#      XOR2                        : 31
# FlipFlops/Latches                : 96
#      FDC                         : 41
#      FDCE                        : 47
#      FDP                         : 2
#      FDPE                        : 6
# IO Buffers                       : 54
#      IBUF                        : 27
#      OBUF                        : 11
#      OBUFE                       : 16
=========================================================================


Total REAL time to Xst completion: 10.00 secs
Total CPU time to Xst completion: 10.06 secs
 
--> 


Total memory usage is 497116 kilobytes

Number of errors   :    0 (   0 filtered)
Number of warnings :    5 (   0 filtered)
Number of infos    :    0 (   0 filtered)

