make all --print-data-base --no-builtin-variables --no-builtin-rules --question
make: *** No rule to make target 'all'.  Stop.

# GNU Make 4.3
# Built for x86_64-pc-linux-gnu
# Copyright (C) 1988-2020 Free Software Foundation, Inc.
# License GPLv3+: GNU GPL version 3 or later <http://gnu.org/licenses/gpl.html>
# This is free software: you are free to change and redistribute it.
# There is NO WARRANTY, to the extent permitted by law.

# Make data base, printed on Tue Jul 12 14:17:15 2022

# Variables

# environment
JAVA_HOME = /etc/java-config-2/current-system-vm
# environment
GDK_BACKEND = x11
# environment
LC_ALL = C
# environment
NO_AT_BRIDGE = 1
# environment
VSCODE_IPC_HOOK_EXTHOST = /run/user/1000/vscode-ipc-4796dfdf-6614-4493-8ad7-d34295f08510.sock
# environment
VSCODE_CWD = /home/takuya
# environment
XSESSION = Xfce4
# environment
GCC_SPECS = 
# environment
GDM_LANG = ja_JP.utf8
# default
MAKE_COMMAND := make
# environment
LADSPA_PATH = /usr/lib64/ladspa
# automatic
@D = $(patsubst %/,%,$(dir $@))
# environment
VSCODE_HANDLES_UNCAUGHT_ERRORS = true
# default
.VARIABLES := 
# environment
PWD = /home/takuya/Desktop/VM_Shared/MZ80Bto2000_CMT/MZ80Bto2000_CMT
# automatic
%D = $(patsubst %/,%,$(dir $%))
# environment
MAIL = /var/mail/takuya
# environment
XDG_DATA_DIRS = /usr/local/share:/usr/share:/usr/share
# automatic
^D = $(patsubst %/,%,$(dir $^))
# environment
VSCODE_LOG_STACK = false
# automatic
%F = $(notdir $%)
# environment
VSCODE_CODE_CACHE_PATH = /home/takuya/.config/Code/CachedData/c722ca6c7eed3d7987c0d5c3df5c45f6b15e77d1
# environment
XDG_SESSION_PATH = /org/freedesktop/DisplayManager/Session0
# environment
LANG = C
# environment
XAUTHORITY = /home/takuya/.Xauthority
# default
.LOADED := 
# default
.INCLUDE_DIRS = /usr/include /usr/include
# makefile
MAKEFLAGS = pqrR
# makefile
CURDIR := /home/takuya/Desktop/VM_Shared/MZ80Bto2000_CMT/MZ80Bto2000_CMT
# environment
VSCODE_PIPE_LOGGING = true
# environment
APPLICATION_INSIGHTS_NO_DIAGNOSTIC_CHANNEL = 1
# environment
LESSOPEN = |lesspipe %s
# automatic
*D = $(patsubst %/,%,$(dir $*))
# environment
MFLAGS = -pqrR
# environment
SSH_AUTH_SOCK = /tmp/ssh-XXXXXXV7fbAt/agent.11858
# default
.SHELLFLAGS := -c
# environment
XDG_CONFIG_DIRS = /etc/xdg:/etc/xdg
# automatic
+D = $(patsubst %/,%,$(dir $+))
# environment
XDG_SESSION_DESKTOP = Xsession
# makefile
MAKEFILE_LIST := 
# environment
LV2_PATH = /usr/lib64/lv2
# automatic
@F = $(notdir $@)
# environment
VSCODE_VERBOSE_LOGGING = true
# environment
VSCODE_PID = 6972
# environment
XDG_SESSION_TYPE = x11
# automatic
?D = $(patsubst %/,%,$(dir $?))
# environment
MANPAGER = manpager
# environment
SESSION_MANAGER = local/fkd:@/tmp/.ICE-unix/11786,unix/fkd:/tmp/.ICE-unix/11786
# automatic
*F = $(notdir $*)
# environment
MANPATH = /etc/java-config-2/current-system-vm/man:/usr/share/gcc-data/x86_64-pc-linux-gnu/11.3.0/man:/usr/share/binutils-data/x86_64-pc-linux-gnu/2.37_p1/man:/etc/java-config-2/current-system-vm/man/:/usr/local/share/man:/usr/share/man:/usr/lib/rust/man:/usr/lib/llvm/14/share/man:/usr/lib/llvm/13/share/man
# environment
CHROME_DESKTOP = code-url-handler.desktop
# environment
DBUS_SESSION_BUS_ADDRESS = unix:abstract=/tmp/dbus-QTvO8BiWmi,guid=99cb76b789180c8a48d6a3b962cca96c
# automatic
<D = $(patsubst %/,%,$(dir $<))
# environment
VSCODE_NLS_CONFIG = {"locale":"ja","availableLanguages":{"*":"ja"},"_languagePackId":"a11ffe7c7787ec274da1c3a7575172a0.ja","_translationsConfigFile":"/home/takuya/.config/Code/clp/a11ffe7c7787ec274da1c3a7575172a0.ja/tcf.json","_cacheRoot":"/home/takuya/.config/Code/clp/a11ffe7c7787ec274da1c3a7575172a0.ja","_resolvedLanguagePackCoreLocation":"/home/takuya/.config/Code/clp/a11ffe7c7787ec274da1c3a7575172a0.ja/c722ca6c7eed3d7987c0d5c3df5c45f6b15e77d1","_corruptedFile":"/home/takuya/.config/Code/clp/a11ffe7c7787ec274da1c3a7575172a0.ja/corrupted.info","_languagePackSupport":true}
# default
MAKE_HOST := x86_64-pc-linux-gnu
# environment
INFOPATH = /usr/share/gcc-data/x86_64-pc-linux-gnu/11.3.0/info:/usr/share/binutils-data/x86_64-pc-linux-gnu/2.37_p1/info:/usr/share/info
# makefile
SHELL = /bin/sh
# default
MAKECMDGOALS := all
# environment
XMODIFIERS = @im=fcitx
# environment
SHLVL = 1
# environment
MAKELEVEL := 0
# default
MAKE = $(MAKE_COMMAND)
# environment
PATH = /usr/local/sbin:/usr/local/bin:/usr/sbin:/usr/bin:/sbin:/bin:/opt/bin:/usr/lib/llvm/14/bin:/usr/lib/llvm/13/bin
# environment
MOZ_GMP_PATH = /usr/lib64/nsbrowser/plugins/gmp-gmpopenh264/system-installed
# default
MAKEFILES := 
# environment
MOTD_SHOWN = pam
# automatic
^F = $(notdir $^)
# environment
VSCODE_LOG_NATIVE = false
# automatic
?F = $(notdir $?)
# environment
GSETTINGS_BACKEND = dconf
# environment
XDG_SEAT = seat0
# environment
GTK_IM_MODULE = fcitx
# environment
XDG_CURRENT_DESKTOP = XFCE
# environment
JAVAC = /etc/java-config-2/current-system-vm/bin/javac
# automatic
+F = $(notdir $+)
# environment
XDG_SEAT_PATH = /org/freedesktop/DisplayManager/Seat0
# environment
LESS = -R -M --shift 5
# environment
DESKTOP_SESSION = Xsession
# environment
ORIGINAL_XDG_CURRENT_DESKTOP = XFCE
# 'override' directive
GNUMAKEFLAGS := 
# environment
LOGNAME = takuya
# environment
VBOX_APP_HOME = /usr/lib64/virtualbox
# environment
CONFIG_PROTECT_MASK = /etc/sandbox.d /etc/fonts/fonts.conf /etc/gentoo-release /etc/terminfo /etc/dconf /etc/ca-certificates.conf /etc/revdep-rebuild
# environment
CONFIG_PROTECT = /usr/share/gnupg/qualified.txt /usr/lib64/libreoffice/program/sofficerc
# environment
XDG_VTNR = 7
# makefile
.DEFAULT_GOAL := 
# environment
EDITOR = /bin/nano
# environment
DISPLAY = :0.0
# environment
USER = takuya
# default
MAKE_VERSION := 4.3
# environment
SSH_AGENT_PID = 11859
# environment
PAGER = /usr/bin/less
# environment
_ = /usr/bin/make
# environment
XDG_RUNTIME_DIR = /run/user/1000
# environment
XDG_SESSION_CLASS = user
# environment
VSCODE_AMD_ENTRYPOINT = vs/workbench/api/node/extensionHostProcess
# environment
HOME = /home/takuya
# environment
QT_IM_MODULE = fcitx
# environment
JDK_HOME = /etc/java-config-2/current-system-vm
# environment
ELECTRON_RUN_AS_NODE = 1
# environment
ANT_HOME = /usr/share/ant
# environment
VSCODE_IPC_HOOK = /run/user/1000/vscode-e8664965-1.65.2-main.sock
# environment
XDG_SESSION_ID = 2
# environment
PANEL_GDK_CORE_DEVICE_EVENTS = 0
# default
.RECIPEPREFIX := 
# automatic
<F = $(notdir $<)
# default
SUFFIXES := 
# environment
XDG_CACHE_HOME = /tmp/takuya/.cache
# environment
VSCODE_CLI = 1
# environment
ELECTRON_NO_ATTACH_CONSOLE = 1
# environment
XDG_GREETER_DATA_DIR = /var/lib/lightdm-data/takuya
# default
.FEATURES := target-specific order-only second-expansion else-if shortest-stem undefine oneshell nocomment grouped-target extra-prereqs archives jobserver output-sync check-symlink load
# environment
XDG_MENU_PREFIX = xfce-
# environment
GDMSESSION = Xsession
# variable set hash-table stats:
# Load=114/1024=11%, Rehash=0, Collisions=6/139=4%

# Pattern-specific Variable Values

# No pattern-specific variable values.

# Directories

# . (device 2053, inode 77602835): 8 files, no impossibilities.

# 8 files, no impossibilities in 1 directories.

# Implicit Rules

# No implicit rules.

# Files

# Not a target:
Makefile:
#  Implicit rule search has been done.
#  File does not exist.
#  File has been updated.
#  Failed to be updated.

# Not a target:
.DEFAULT:
#  Implicit rule search has not been done.
#  Modification time never checked.
#  File has not been updated.

# Not a target:
all:
#  Command line target.
#  Implicit rule search has been done.
#  File does not exist.
#  File has not been updated.

# Not a target:
makefile:
#  Implicit rule search has been done.
#  File does not exist.
#  File has been updated.
#  Failed to be updated.

# Not a target:
GNUmakefile:
#  Implicit rule search has been done.
#  File does not exist.
#  File has been updated.
#  Failed to be updated.

# files hash-table stats:
# Load=6/1024=1%, Rehash=0, Collisions=0/15=0%
# VPATH Search Paths

# No 'vpath' search paths.

# No general ('VPATH' variable) search path.

# strcache buffers: 1 (0) / strings = 15 / storage = 158 B / avg = 10 B
# current buf: size = 8162 B / used = 158 B / count = 15 / avg = 10 B

 
# strcache performance: lookups = 18 / hit rate = 16%
# hash-table stats:
# Load=15/8192=0%, Rehash=0, Collisions=0/18=0%
# Finished Make data base on Tue Jul 12 14:17:15 2022

 
